{
  "RSpec": {
    "coverage": {
      "/Users/colepilegard/Dev Bootcamp/sproutify/app/controllers/application_controller.rb": [
        1,
        1,
        null
      ],
      "/Users/colepilegard/Dev Bootcamp/sproutify/app/helpers/application_helper.rb": [
        1,
        null
      ],
      "/Users/colepilegard/Dev Bootcamp/sproutify/app/controllers/geocodes_controller.rb": [
        1,
        null,
        1,
        0,
        null,
        null,
        null
      ],
      "/Users/colepilegard/Dev Bootcamp/sproutify/app/models/geocode.rb": [
        1,
        1,
        1,
        null
      ],
      "/Users/colepilegard/Dev Bootcamp/sproutify/app/controllers/home_controller.rb": [
        1,
        null,
        1,
        null,
        null,
        null
      ],
      "/Users/colepilegard/Dev Bootcamp/sproutify/app/models/crop.rb": [
        1,
        1,
        1,
        1,
        null
      ],
      "/Users/colepilegard/Dev Bootcamp/sproutify/app/models/demand.rb": [
        1,
        1,
        1,
        1,
        1,
        1,
        null
      ],
      "/Users/colepilegard/Dev Bootcamp/sproutify/app/models/status.rb": [
        1,
        1,
        1,
        1,
        null
      ],
      "/Users/colepilegard/Dev Bootcamp/sproutify/app/models/supply.rb": [
        1,
        1,
        1,
        1,
        1,
        1,
        1,
        null
      ],
      "/Users/colepilegard/Dev Bootcamp/sproutify/app/models/user.rb": [
        1,
        null,
        1,
        1,
        1,
        1,
        null,
        null
      ]
    },
    "timestamp": 1376679870
  }
}
