{
  "RSpec": {
    "coverage": {
      "/Users/apprentice/Desktop/Sproutify/app/controllers/application_controller.rb": [
        1,
        1,
        null
      ],
      "/Users/apprentice/Desktop/Sproutify/app/helpers/application_helper.rb": [
        1,
        null
      ],
      "/Users/apprentice/Desktop/Sproutify/app/models/geocode.rb": [
        1,
        1,
        null
      ],
      "/Users/apprentice/Desktop/Sproutify/app/models/user.rb": [
        1,
        null,
        1,
        1,
        1,
        null
      ]
    },
    "timestamp": 1376618904
  }
}
